# JRE version: Java(TM) SE Runtime Environment (8.0_191-b12) (build 1.8.0_191-b12)
# Java VM: Java HotSpot(TM) Client VM (25.191-b12 mixed mode windows-x86 )
Heap:
 def new generation   total 75648K, used 18833K [0x05400000, 0x0a610000, 0x0fea0000)
  eden space 67264K,  27% used [0x05400000, 0x06664458, 0x095b0000)
  from space 8384K,   0% used [0x095b0000, 0x095b0000, 0x09de0000)
  to   space 8384K,   0% used [0x09de0000, 0x09de0000, 0x0a610000)
 tenured generation   total 167900K, used 100739K [0x0fea0000, 0x1a297000, 0x25400000)
   the space 167900K,  59% used [0x0fea0000, 0x16100f10, 0x16101000, 0x1a297000)
 Metaspace       used 25287K, capacity 25833K, committed 25984K, reserved 25984K
GC Heap History (10 events):
Event: 1657.608 GC heap before
{Heap before GC invocations=17 (full 3):
 def new generation   total 75392K, used 71619K [0x05400000, 0x0a5c0000, 0x0fea0000)
  eden space 67072K, 100% used [0x05400000, 0x09580000, 0x09580000)
  from space 8320K,  54% used [0x09580000, 0x099f0e80, 0x09da0000)
  to   space 8320K,   0% used [0x09da0000, 0x09da0000, 0x0a5c0000)
 tenured generation   total 167336K, used 140406K [0x0fea0000, 0x1a20a000, 0x25400000)
   the space 167336K,  83% used [0x0fea0000, 0x187bda30, 0x187bdc00, 0x1a20a000)
 Metaspace       used 25310K, capacity 25841K, committed 25856K, reserved 25984K
Event: 1657.633 GC heap after
Heap after GC invocations=18 (full 3):
 def new generation   total 75392K, used 784K [0x05400000, 0x0a5c0000, 0x0fea0000)
  eden space 67072K,   0% used [0x05400000, 0x05400000, 0x09580000)
  from space 8320K,   9% used [0x09da0000, 0x09e64258, 0x0a5c0000)
  to   space 8320K,   0% used [0x09580000, 0x09580000, 0x09da0000)
 tenured generation   total 167336K, used 144137K [0x0fea0000, 0x1a20a000, 0x25400000)
   the space 167336K,  86% used [0x0fea0000, 0x18b626c8, 0x18b62800, 0x1a20a000)
 Metaspace       used 25310K, capacity 25841K, committed 25856K, reserved 25984K
}
Event: 2146.811 GC heap before
{Heap before GC invocations=18 (full 3):
 def new generation   total 75392K, used 67856K [0x05400000, 0x0a5c0000, 0x0fea0000)
  eden space 67072K, 100% used [0x05400000, 0x09580000, 0x09580000)
  from space 8320K,   9% used [0x09da0000, 0x09e64258, 0x0a5c0000)
  to   space 8320K,   0% used [0x09580000, 0x09580000, 0x09da0000)
 tenured generation   total 167336K, used 144137K [0x0fea0000, 0x1a20a000, 0x25400000)
   the space 167336K,  86% used [0x0fea0000, 0x18b626c8, 0x18b62800, 0x1a20a000)
 Metaspace       used 25311K, capacity 25841K, committed 25856K, reserved 25984K
Event: 2146.821 GC heap after
Heap after GC invocations=19 (full 3):
 def new generation   total 75392K, used 925K [0x05400000, 0x0a5c0000, 0x0fea0000)
  eden space 67072K,   0% used [0x05400000, 0x05400000, 0x09580000)
  from space 8320K,  11% used [0x09580000, 0x09667670, 0x09da0000)
  to   space 8320K,   0% used [0x09da0000, 0x09da0000, 0x0a5c0000)
 tenured generation   total 167336K, used 144137K [0x0fea0000, 0x1a20a000, 0x25400000)
   the space 167336K,  86% used [0x0fea0000, 0x18b626c8, 0x18b62800, 0x1a20a000)
 Metaspace       used 25311K, capacity 25841K, committed 25856K, reserved 25984K
}
Event: 2311.597 GC heap before
{Heap before GC invocations=19 (full 3):
 def new generation   total 75392K, used 67997K [0x05400000, 0x0a5c0000, 0x0fea0000)
  eden space 67072K, 100% used [0x05400000, 0x09580000, 0x09580000)
  from space 8320K,  11% used [0x09580000, 0x09667670, 0x09da0000)
  to   space 8320K,   0% used [0x09da0000, 0x09da0000, 0x0a5c0000)
 tenured generation   total 167336K, used 144137K [0x0fea0000, 0x1a20a000, 0x25400000)
   the space 167336K,  86% used [0x0fea0000, 0x18b626c8, 0x18b62800, 0x1a20a000)
 Metaspace       used 25313K, capacity 25873K, committed 25984K, reserved 25984K
Event: 2311.625 GC heap after
Heap after GC invocations=20 (full 3):
 def new generation   total 75392K, used 8320K [0x05400000, 0x0a5c0000, 0x0fea0000)
  eden space 67072K,   0% used [0x05400000, 0x05400000, 0x09580000)
  from space 8320K, 100% used [0x09da0000, 0x0a5c0000, 0x0a5c0000)
  to   space 8320K,   0% used [0x09580000, 0x09580000, 0x09da0000)
 tenured generation   total 167336K, used 148593K [0x0fea0000, 0x1a20a000, 0x25400000)
   the space 167336K,  88% used [0x0fea0000, 0x18fbc5d0, 0x18fbc600, 0x1a20a000)
 Metaspace       used 25313K, capacity 25873K, committed 25984K, reserved 25984K
}
Event: 2315.537 GC heap before
{Heap before GC invocations=20 (full 3):
 def new generation   total 75392K, used 75392K [0x05400000, 0x0a5c0000, 0x0fea0000)
  eden space 67072K, 100% used [0x05400000, 0x09580000, 0x09580000)
  from space 8320K, 100% used [0x09da0000, 0x0a5c0000, 0x0a5c0000)
  to   space 8320K,   0% used [0x09580000, 0x09580000, 0x09da0000)
 tenured generation   total 167336K, used 148593K [0x0fea0000, 0x1a20a000, 0x25400000)
   the space 167336K,  88% used [0x0fea0000, 0x18fbc5d0, 0x18fbc600, 0x1a20a000)
 Metaspace       used 25313K, capacity 25873K, committed 25984K, reserved 25984K
Event: 2315.658 GC heap after
Heap after GC invocations=21 (full 3):
 def new generation   total 75392K, used 6593K [0x05400000, 0x0a5c0000, 0x0fea0000)
  eden space 67072K,   0% used [0x05400000, 0x05400000, 0x09580000)
  from space 8320K,  79% used [0x09580000, 0x09bf0650, 0x09da0000)
  to   space 8320K,   0% used [0x09da0000, 0x09da0000, 0x0a5c0000)
 tenured generation   total 167336K, used 166879K [0x0fea0000, 0x1a20a000, 0x25400000)
   the space 167336K,  99% used [0x0fea0000, 0x1a197cb8, 0x1a197e00, 0x1a20a000)
 Metaspace       used 25313K, capacity 25873K, committed 25984K, reserved 25984K
}
Event: 2318.160 GC heap before
{Heap before GC invocations=21 (full 3):
 def new generation   total 75392K, used 69553K [0x05400000, 0x0a5c0000, 0x0fea0000)
  eden space 67072K,  93% used [0x05400000, 0x0917bfb0, 0x09580000)
  from space 8320K,  79% used [0x09580000, 0x09bf0650, 0x09da0000)
  to   space 8320K,   0% used [0x09da0000, 0x09da0000, 0x0a5c0000)
 tenured generation   total 167336K, used 166879K [0x0fea0000, 0x1a20a000, 0x25400000)
   the space 167336K,  99% used [0x0fea0000, 0x1a197cb8, 0x1a197e00, 0x1a20a000)
 Metaspace       used 25313K, capacity 25873K, committed 25984K, reserved 25984K
Event: 2319.391 GC heap after
Heap after GC invocations=22 (full 4):
 def new generation   total 75648K, used 0K [0x05400000, 0x0a610000, 0x0fea0000)
  eden space 67264K,   0% used [0x05400000, 0x05400000, 0x095b0000)
  from space 8384K,   0% used [0x095b0000, 0x095b0000, 0x09de0000)
  to   space 8384K,   0% used [0x09de0000, 0x09de0000, 0x0a610000)
 tenured generation   total 167900K, used 100739K [0x0fea0000, 0x1a297000, 0x25400000)
   the space 167900K,  59% used [0x0fea0000, 0x16100f10, 0x16101000, 0x1a297000)
 Metaspace       used 25287K, capacity 25833K, committed 25984K, reserved 25984K
}

